#! /usr/bin/vvp
:ivl_version "10.3 (stable)";
:ivl_delay_selection "TYPICAL";
:vpi_time_precision + 0;
:vpi_module "system";
:vpi_module "vhdl_sys";
:vpi_module "v2005_math";
:vpi_module "va_math";
S_0x55903d2cc9e0 .scope module, "top" "top" 2 2;
 .timescale 0 0;
v0x55903d2e2260_0 .var "I1", 0 0;
v0x55903d2e2320_0 .var "I2", 0 0;
v0x55903d2e23f0_0 .var "I3", 0 0;
v0x55903d2e24f0_0 .var "I4", 0 0;
v0x55903d2e25c0_0 .var "S0", 0 0;
v0x55903d2e2660_0 .var "S1", 0 0;
v0x55903d2e2730_0 .net "op", 0 0, L_0x55903d2e35f0;  1 drivers
S_0x55903d2ccb60 .scope module, "a" "MUX" 2 5, 3 1 0, S_0x55903d2cc9e0;
 .timescale 0 0;
    .port_info 0 /INPUT 1 "S0"
    .port_info 1 /INPUT 1 "S1"
    .port_info 2 /INPUT 1 "I1"
    .port_info 3 /INPUT 1 "I2"
    .port_info 4 /INPUT 1 "I3"
    .port_info 5 /INPUT 1 "I4"
    .port_info 6 /OUTPUT 1 "op"
L_0x55903d2e2800 .functor AND 1, v0x55903d2e24f0_0, v0x55903d2e25c0_0, C4<1>, C4<1>;
L_0x55903d2e2940 .functor AND 1, L_0x55903d2e2800, v0x55903d2e2660_0, C4<1>, C4<1>;
L_0x55903d2e2a50 .functor AND 1, v0x55903d2e23f0_0, v0x55903d2e25c0_0, C4<1>, C4<1>;
L_0x55903d2e2bb0 .functor AND 1, L_0x55903d2e2a50, L_0x55903d2e2b10, C4<1>, C4<1>;
L_0x55903d2e2cf0 .functor OR 1, L_0x55903d2e2940, L_0x55903d2e2bb0, C4<0>, C4<0>;
L_0x55903d2e2ea0 .functor AND 1, v0x55903d2e2320_0, L_0x55903d2e2e00, C4<1>, C4<1>;
L_0x55903d2e2fa0 .functor AND 1, L_0x55903d2e2ea0, v0x55903d2e2660_0, C4<1>, C4<1>;
L_0x55903d2e30f0 .functor OR 1, L_0x55903d2e2cf0, L_0x55903d2e2fa0, C4<0>, C4<0>;
L_0x55903d2e32a0 .functor AND 1, v0x55903d2e2260_0, L_0x55903d2e3200, C4<1>, C4<1>;
L_0x55903d2e3480 .functor AND 1, L_0x55903d2e32a0, L_0x55903d2e33b0, C4<1>, C4<1>;
L_0x55903d2e35f0 .functor OR 1, L_0x55903d2e30f0, L_0x55903d2e3480, C4<0>, C4<0>;
v0x55903d296090_0 .net "I1", 0 0, v0x55903d2e2260_0;  1 drivers
v0x55903d2e0f70_0 .net "I2", 0 0, v0x55903d2e2320_0;  1 drivers
v0x55903d2e1030_0 .net "I3", 0 0, v0x55903d2e23f0_0;  1 drivers
v0x55903d2e10d0_0 .net "I4", 0 0, v0x55903d2e24f0_0;  1 drivers
v0x55903d2e1190_0 .net "S0", 0 0, v0x55903d2e25c0_0;  1 drivers
v0x55903d2e12a0_0 .net "S1", 0 0, v0x55903d2e2660_0;  1 drivers
v0x55903d2e1360_0 .net *"_s0", 0 0, L_0x55903d2e2800;  1 drivers
v0x55903d2e1440_0 .net *"_s10", 0 0, L_0x55903d2e2cf0;  1 drivers
v0x55903d2e1520_0 .net *"_s13", 0 0, L_0x55903d2e2e00;  1 drivers
v0x55903d2e1670_0 .net *"_s14", 0 0, L_0x55903d2e2ea0;  1 drivers
v0x55903d2e1750_0 .net *"_s16", 0 0, L_0x55903d2e2fa0;  1 drivers
v0x55903d2e1830_0 .net *"_s18", 0 0, L_0x55903d2e30f0;  1 drivers
v0x55903d2e1910_0 .net *"_s2", 0 0, L_0x55903d2e2940;  1 drivers
v0x55903d2e19f0_0 .net *"_s21", 0 0, L_0x55903d2e3200;  1 drivers
v0x55903d2e1ab0_0 .net *"_s22", 0 0, L_0x55903d2e32a0;  1 drivers
v0x55903d2e1b90_0 .net *"_s25", 0 0, L_0x55903d2e33b0;  1 drivers
v0x55903d2e1c50_0 .net *"_s26", 0 0, L_0x55903d2e3480;  1 drivers
v0x55903d2e1e40_0 .net *"_s4", 0 0, L_0x55903d2e2a50;  1 drivers
v0x55903d2e1f20_0 .net *"_s7", 0 0, L_0x55903d2e2b10;  1 drivers
v0x55903d2e1fe0_0 .net *"_s8", 0 0, L_0x55903d2e2bb0;  1 drivers
v0x55903d2e20c0_0 .net "op", 0 0, L_0x55903d2e35f0;  alias, 1 drivers
L_0x55903d2e2b10 .reduce/nor v0x55903d2e2660_0;
L_0x55903d2e2e00 .reduce/nor v0x55903d2e25c0_0;
L_0x55903d2e3200 .reduce/nor v0x55903d2e25c0_0;
L_0x55903d2e33b0 .reduce/nor v0x55903d2e2660_0;
    .scope S_0x55903d2cc9e0;
T_0 ;
    %pushi/vec4 1, 0, 1;
    %store/vec4 v0x55903d2e2260_0, 0, 1;
    %pushi/vec4 1, 0, 1;
    %store/vec4 v0x55903d2e2320_0, 0, 1;
    %pushi/vec4 0, 0, 1;
    %store/vec4 v0x55903d2e23f0_0, 0, 1;
    %pushi/vec4 0, 0, 1;
    %store/vec4 v0x55903d2e24f0_0, 0, 1;
    %pushi/vec4 0, 0, 1;
    %store/vec4 v0x55903d2e25c0_0, 0, 1;
    %pushi/vec4 1, 0, 1;
    %store/vec4 v0x55903d2e2660_0, 0, 1;
    %end;
    .thread T_0;
    .scope S_0x55903d2cc9e0;
T_1 ;
    %vpi_call 2 14 "$monitor", "input %b%b%b%b  select %b%b :- Output %b", v0x55903d2e2260_0, v0x55903d2e2320_0, v0x55903d2e23f0_0, v0x55903d2e24f0_0, v0x55903d2e25c0_0, v0x55903d2e2660_0, v0x55903d2e2730_0 {0 0 0};
    %end;
    .thread T_1;
# The file index is used to find the file name in the following table.
:file_names 4;
    "N/A";
    "<interactive>";
    "testbench.v";
    "./mux.v";
